[2019-10-14 16:42:30.584] [exthost] [info] extension host started
[2019-10-14 16:42:30.655] [exthost] [info] ExtensionService#_doActivateExtension vscode.debug-auto-launch {"startup":true,"extensionId":{"value":"vscode.debug-auto-launch","_lower":"vscode.debug-auto-launch"},"activationEvent":"*"}
[2019-10-14 16:42:30.656] [exthost] [info] ExtensionService#loadCommonJSModule file:///usr/share/code/resources/app/extensions/debug-auto-launch/dist/extension
[2019-10-14 16:42:30.662] [exthost] [info] ExtensionService#_doActivateExtension vscode.emmet {"startup":true,"extensionId":{"value":"vscode.emmet","_lower":"vscode.emmet"},"activationEvent":"*"}
[2019-10-14 16:42:30.663] [exthost] [info] ExtensionService#loadCommonJSModule file:///usr/share/code/resources/app/extensions/emmet/dist/extension
[2019-10-14 16:42:30.722] [exthost] [info] ExtensionService#_doActivateExtension vscode.git {"startup":true,"extensionId":{"value":"vscode.git","_lower":"vscode.git"},"activationEvent":"*"}
[2019-10-14 16:42:30.722] [exthost] [info] ExtensionService#loadCommonJSModule file:///usr/share/code/resources/app/extensions/git/dist/main
[2019-10-14 16:42:30.814] [exthost] [info] ExtensionService#_doActivateExtension vscode.merge-conflict {"startup":true,"extensionId":{"value":"vscode.merge-conflict","_lower":"vscode.merge-conflict"},"activationEvent":"*"}
[2019-10-14 16:42:30.814] [exthost] [info] ExtensionService#loadCommonJSModule file:///usr/share/code/resources/app/extensions/merge-conflict/dist/extension
[2019-10-14 16:42:30.820] [exthost] [info] ExtensionService#_doActivateExtension naumovs.color-highlight {"startup":true,"extensionId":{"value":"naumovs.color-highlight","_lower":"naumovs.color-highlight"},"activationEvent":"*"}
[2019-10-14 16:42:30.820] [exthost] [info] ExtensionService#loadCommonJSModule file:///home/developer/.vscode/extensions/naumovs.color-highlight-2.3.0/dist/extension
[2019-10-14 16:42:30.856] [exthost] [info] ExtensionService#_doActivateExtension PKief.material-icon-theme {"startup":true,"extensionId":{"value":"PKief.material-icon-theme","_lower":"pkief.material-icon-theme"},"activationEvent":"*"}
[2019-10-14 16:42:30.856] [exthost] [info] ExtensionService#loadCommonJSModule file:///home/developer/.vscode/extensions/pkief.material-icon-theme-3.9.1/dist/extension
[2019-10-14 16:42:30.876] [exthost] [info] ExtensionService#_doActivateExtension streetsidesoftware.code-spell-checker {"startup":true,"extensionId":{"value":"streetsidesoftware.code-spell-checker-portuguese-brazilian","_lower":"streetsidesoftware.code-spell-checker-portuguese-brazilian"},"activationEvent":"*"}
[2019-10-14 16:42:30.876] [exthost] [info] ExtensionService#loadCommonJSModule file:///home/developer/.vscode/extensions/streetsidesoftware.code-spell-checker-1.7.18/dist/extension
[2019-10-14 16:42:30.934] [exthost] [info] eager extensions activated
[2019-10-14 16:42:31.057] [exthost] [info] ExtensionService#_doActivateExtension streetsidesoftware.code-spell-checker-portuguese {"startup":true,"extensionId":{"value":"streetsidesoftware.code-spell-checker-portuguese","_lower":"streetsidesoftware.code-spell-checker-portuguese"},"activationEvent":"*"}
[2019-10-14 16:42:31.057] [exthost] [info] ExtensionService#loadCommonJSModule file:///home/developer/.vscode/extensions/streetsidesoftware.code-spell-checker-portuguese-0.1.0/out/src/extension
[2019-10-14 16:42:31.089] [exthost] [info] ExtensionService#_doActivateExtension streetsidesoftware.code-spell-checker-portuguese-brazilian {"startup":true,"extensionId":{"value":"streetsidesoftware.code-spell-checker-portuguese-brazilian","_lower":"streetsidesoftware.code-spell-checker-portuguese-brazilian"},"activationEvent":"*"}
[2019-10-14 16:42:31.089] [exthost] [info] ExtensionService#loadCommonJSModule file:///home/developer/.vscode/extensions/streetsidesoftware.code-spell-checker-portuguese-brazilian-0.1.0/out/src/extension
