[2019-10-12 21:52:40.924] [exthost] [info] extension host started
[2019-10-12 21:52:41.102] [exthost] [info] ExtensionService#_doActivateExtension vscode.emmet {"startup":false,"activationEvent":"onLanguage:html"}
[2019-10-12 21:52:41.103] [exthost] [info] ExtensionService#loadCommonJSModule file:///usr/share/code/resources/app/extensions/emmet/dist/extension
[2019-10-12 21:52:41.194] [exthost] [info] ExtensionService#_doActivateExtension vscode.html-language-features {"startup":false,"activationEvent":"onLanguage:html"}
[2019-10-12 21:52:41.194] [exthost] [info] ExtensionService#loadCommonJSModule file:///usr/share/code/resources/app/extensions/html-language-features/client/dist/htmlMain
[2019-10-12 21:52:41.332] [exthost] [info] ExtensionService#_doActivateExtension vscode.debug-auto-launch {"startup":true,"activationEvent":"*"}
[2019-10-12 21:52:41.332] [exthost] [info] ExtensionService#loadCommonJSModule file:///usr/share/code/resources/app/extensions/debug-auto-launch/dist/extension
[2019-10-12 21:52:41.342] [exthost] [info] ExtensionService#_doActivateExtension vscode.git {"startup":true,"activationEvent":"*"}
[2019-10-12 21:52:41.342] [exthost] [info] ExtensionService#loadCommonJSModule file:///usr/share/code/resources/app/extensions/git/dist/main
[2019-10-12 21:52:41.543] [exthost] [info] ExtensionService#_doActivateExtension vscode.merge-conflict {"startup":true,"activationEvent":"*"}
[2019-10-12 21:52:41.543] [exthost] [info] ExtensionService#loadCommonJSModule file:///usr/share/code/resources/app/extensions/merge-conflict/dist/extension
[2019-10-12 21:52:41.559] [exthost] [info] ExtensionService#_doActivateExtension naumovs.color-highlight {"startup":true,"activationEvent":"*"}
[2019-10-12 21:52:41.559] [exthost] [info] ExtensionService#loadCommonJSModule file:///home/developer/.vscode/extensions/naumovs.color-highlight-2.3.0/dist/extension
[2019-10-12 21:52:41.614] [exthost] [info] ExtensionService#_doActivateExtension PKief.material-icon-theme {"startup":true,"activationEvent":"*"}
[2019-10-12 21:52:41.614] [exthost] [info] ExtensionService#loadCommonJSModule file:///home/developer/.vscode/extensions/pkief.material-icon-theme-3.9.1/dist/extension
[2019-10-12 21:52:41.645] [exthost] [info] eager extensions activated
[2019-10-12 21:52:53.423] [exthost] [info] ExtensionService#_doActivateExtension vscode.configuration-editing {"startup":false,"activationEvent":"onLanguage:jsonc"}
[2019-10-12 21:52:53.423] [exthost] [info] ExtensionService#loadCommonJSModule file:///usr/share/code/resources/app/extensions/configuration-editing/dist/extension
[2019-10-12 21:52:53.435] [exthost] [info] ExtensionService#_doActivateExtension vscode.json-language-features {"startup":false,"activationEvent":"onLanguage:jsonc"}
[2019-10-12 21:52:53.436] [exthost] [info] ExtensionService#loadCommonJSModule file:///usr/share/code/resources/app/extensions/json-language-features/client/dist/jsonMain
[2019-10-12 21:52:53.610] [exthost] [info] ExtensionService#_doActivateExtension vscode.typescript-language-features {"startup":false,"activationEvent":"onLanguage:jsonc"}
[2019-10-12 21:52:53.610] [exthost] [info] ExtensionService#loadCommonJSModule file:///usr/share/code/resources/app/extensions/typescript-language-features/dist/extension
[2019-10-12 21:52:57.765] [exthost] [info] ExtensionService#_doActivateExtension formulahendry.code-runner {"startup":false,"activationEvent":"onCommand:code-runner.run"}
[2019-10-12 21:52:57.765] [exthost] [info] ExtensionService#loadCommonJSModule file:///home/developer/.vscode/extensions/formulahendry.code-runner-0.9.14/out/src/extension
[2019-10-12 21:54:56.878] [exthost] [info] ExtensionService#_doActivateExtension streetsidesoftware.code-spell-checker {"startup":false,"activationEvent":"*"}
[2019-10-12 21:54:56.878] [exthost] [info] ExtensionService#loadCommonJSModule file:///home/developer/.vscode/extensions/streetsidesoftware.code-spell-checker-1.7.18/dist/extension
[2019-10-12 21:54:57.127] [exthost] [info] ExtensionService#_doActivateExtension streetsidesoftware.code-spell-checker-portuguese-brazilian {"startup":false,"activationEvent":"*"}
[2019-10-12 21:54:57.127] [exthost] [info] ExtensionService#loadCommonJSModule file:///home/developer/.vscode/extensions/streetsidesoftware.code-spell-checker-portuguese-brazilian-0.1.0/out/src/extension
[2019-10-12 21:54:57.189] [exthost] [info] ExtensionService#_doActivateExtension streetsidesoftware.code-spell-checker-portuguese {"startup":false,"activationEvent":"*"}
[2019-10-12 21:54:57.189] [exthost] [info] ExtensionService#loadCommonJSModule file:///home/developer/.vscode/extensions/streetsidesoftware.code-spell-checker-portuguese-0.1.0/out/src/extension
[2019-10-12 21:55:03.392] [exthost] [info] ExtensionService#_doActivateExtension vscode.extension-editing {"startup":false,"activationEvent":"onLanguage:json"}
[2019-10-12 21:55:03.392] [exthost] [info] ExtensionService#loadCommonJSModule file:///usr/share/code/resources/app/extensions/extension-editing/dist/extension
[2019-10-12 21:55:03.473] [exthost] [info] ExtensionService#_doActivateExtension vscode.npm {"startup":false,"activationEvent":"onLanguage:json"}
[2019-10-12 21:55:03.473] [exthost] [info] ExtensionService#loadCommonJSModule file:///usr/share/code/resources/app/extensions/npm/dist/main
[2019-10-12 21:55:09.296] [exthost] [info] extension host started
[2019-10-12 21:55:09.482] [exthost] [info] ExtensionService#_doActivateExtension vscode.emmet {"startup":false,"activationEvent":"onLanguage:html"}
[2019-10-12 21:55:09.482] [exthost] [info] ExtensionService#loadCommonJSModule file:///usr/share/code/resources/app/extensions/emmet/dist/extension
[2019-10-12 21:55:09.649] [exthost] [info] ExtensionService#_doActivateExtension vscode.html-language-features {"startup":false,"activationEvent":"onLanguage:html"}
[2019-10-12 21:55:09.650] [exthost] [info] ExtensionService#loadCommonJSModule file:///usr/share/code/resources/app/extensions/html-language-features/client/dist/htmlMain
[2019-10-12 21:55:09.881] [exthost] [info] ExtensionService#_doActivateExtension vscode.debug-auto-launch {"startup":true,"activationEvent":"*"}
[2019-10-12 21:55:09.881] [exthost] [info] ExtensionService#loadCommonJSModule file:///usr/share/code/resources/app/extensions/debug-auto-launch/dist/extension
[2019-10-12 21:55:09.909] [exthost] [info] ExtensionService#_doActivateExtension vscode.git {"startup":true,"activationEvent":"*"}
[2019-10-12 21:55:09.909] [exthost] [info] ExtensionService#loadCommonJSModule file:///usr/share/code/resources/app/extensions/git/dist/main
[2019-10-12 21:55:10.167] [exthost] [info] ExtensionService#_doActivateExtension vscode.merge-conflict {"startup":true,"activationEvent":"*"}
[2019-10-12 21:55:10.168] [exthost] [info] ExtensionService#loadCommonJSModule file:///usr/share/code/resources/app/extensions/merge-conflict/dist/extension
[2019-10-12 21:55:10.184] [exthost] [info] ExtensionService#_doActivateExtension naumovs.color-highlight {"startup":true,"activationEvent":"*"}
[2019-10-12 21:55:10.184] [exthost] [info] ExtensionService#loadCommonJSModule file:///home/developer/.vscode/extensions/naumovs.color-highlight-2.3.0/dist/extension
[2019-10-12 21:55:10.246] [exthost] [info] ExtensionService#_doActivateExtension PKief.material-icon-theme {"startup":true,"activationEvent":"*"}
[2019-10-12 21:55:10.246] [exthost] [info] ExtensionService#loadCommonJSModule file:///home/developer/.vscode/extensions/pkief.material-icon-theme-3.9.1/dist/extension
[2019-10-12 21:55:10.298] [exthost] [info] ExtensionService#_doActivateExtension streetsidesoftware.code-spell-checker {"startup":true,"activationEvent":"*"}
[2019-10-12 21:55:10.299] [exthost] [info] ExtensionService#loadCommonJSModule file:///home/developer/.vscode/extensions/streetsidesoftware.code-spell-checker-1.7.18/dist/extension
[2019-10-12 21:55:10.501] [exthost] [info] eager extensions activated
[2019-10-12 21:55:10.863] [exthost] [info] ExtensionService#_doActivateExtension streetsidesoftware.code-spell-checker-portuguese {"startup":true,"activationEvent":"*"}
[2019-10-12 21:55:10.863] [exthost] [info] ExtensionService#loadCommonJSModule file:///home/developer/.vscode/extensions/streetsidesoftware.code-spell-checker-portuguese-0.1.0/out/src/extension
[2019-10-12 21:55:10.970] [exthost] [info] ExtensionService#_doActivateExtension streetsidesoftware.code-spell-checker-portuguese-brazilian {"startup":true,"activationEvent":"*"}
[2019-10-12 21:55:10.971] [exthost] [info] ExtensionService#loadCommonJSModule file:///home/developer/.vscode/extensions/streetsidesoftware.code-spell-checker-portuguese-brazilian-0.1.0/out/src/extension
[2019-10-12 21:58:26.240] [exthost] [info] ExtensionService#_doActivateExtension vscode.configuration-editing {"startup":false,"activationEvent":"onLanguage:jsonc"}
[2019-10-12 21:58:26.240] [exthost] [info] ExtensionService#loadCommonJSModule file:///usr/share/code/resources/app/extensions/configuration-editing/dist/extension
[2019-10-12 21:58:26.270] [exthost] [info] ExtensionService#_doActivateExtension vscode.json-language-features {"startup":false,"activationEvent":"onLanguage:jsonc"}
[2019-10-12 21:58:26.270] [exthost] [info] ExtensionService#loadCommonJSModule file:///usr/share/code/resources/app/extensions/json-language-features/client/dist/jsonMain
[2019-10-12 21:58:26.442] [exthost] [info] ExtensionService#_doActivateExtension vscode.typescript-language-features {"startup":false,"activationEvent":"onLanguage:jsonc"}
[2019-10-12 21:58:26.442] [exthost] [info] ExtensionService#loadCommonJSModule file:///usr/share/code/resources/app/extensions/typescript-language-features/dist/extension
[2019-10-12 21:59:09.282] [exthost] [info] extension host started
[2019-10-12 21:59:09.472] [exthost] [info] ExtensionService#_doActivateExtension vscode.emmet {"startup":false,"activationEvent":"onLanguage:html"}
[2019-10-12 21:59:09.472] [exthost] [info] ExtensionService#loadCommonJSModule file:///usr/share/code/resources/app/extensions/emmet/dist/extension
[2019-10-12 21:59:09.516] [exthost] [info] ExtensionService#_doActivateExtension vscode.html-language-features {"startup":false,"activationEvent":"onLanguage:html"}
[2019-10-12 21:59:09.517] [exthost] [info] ExtensionService#loadCommonJSModule file:///usr/share/code/resources/app/extensions/html-language-features/client/dist/htmlMain
[2019-10-12 21:59:09.605] [exthost] [info] ExtensionService#_doActivateExtension vscode.debug-auto-launch {"startup":true,"activationEvent":"*"}
[2019-10-12 21:59:09.605] [exthost] [info] ExtensionService#loadCommonJSModule file:///usr/share/code/resources/app/extensions/debug-auto-launch/dist/extension
[2019-10-12 21:59:09.615] [exthost] [info] ExtensionService#_doActivateExtension vscode.git {"startup":true,"activationEvent":"*"}
[2019-10-12 21:59:09.616] [exthost] [info] ExtensionService#loadCommonJSModule file:///usr/share/code/resources/app/extensions/git/dist/main
[2019-10-12 21:59:09.691] [exthost] [info] ExtensionService#_doActivateExtension vscode.merge-conflict {"startup":true,"activationEvent":"*"}
[2019-10-12 21:59:09.691] [exthost] [info] ExtensionService#loadCommonJSModule file:///usr/share/code/resources/app/extensions/merge-conflict/dist/extension
[2019-10-12 21:59:09.696] [exthost] [info] ExtensionService#_doActivateExtension naumovs.color-highlight {"startup":true,"activationEvent":"*"}
[2019-10-12 21:59:09.697] [exthost] [info] ExtensionService#loadCommonJSModule file:///home/developer/.vscode/extensions/naumovs.color-highlight-2.3.0/dist/extension
[2019-10-12 21:59:09.720] [exthost] [info] ExtensionService#_doActivateExtension PKief.material-icon-theme {"startup":true,"activationEvent":"*"}
[2019-10-12 21:59:09.720] [exthost] [info] ExtensionService#loadCommonJSModule file:///home/developer/.vscode/extensions/pkief.material-icon-theme-3.9.1/dist/extension
[2019-10-12 21:59:09.745] [exthost] [info] ExtensionService#_doActivateExtension streetsidesoftware.code-spell-checker {"startup":true,"activationEvent":"*"}
[2019-10-12 21:59:09.745] [exthost] [info] ExtensionService#loadCommonJSModule file:///home/developer/.vscode/extensions/streetsidesoftware.code-spell-checker-1.7.18/dist/extension
[2019-10-12 21:59:10.015] [exthost] [info] eager extensions activated
