[2019-10-16 21:38:28.246] [renderer1] [error] <semantic> TypeScript Server Error (3.6.3)
Cannot read property 'kind' of undefined
TypeError: Cannot read property 'kind' of undefined
    at pipelineEmitWithHint (tsserver.js:87054:39)
    at print (tsserver.js:86954:13)
    at Object.writeNode (tsserver.js:86808:13)
    at tsserver.js:111749:50
    at Object.mapToDisplayParts (tsserver.js:100181:13)
    at Object.getSymbolDisplayPartsDocumentationAndSymbolKind (tsserver.js:111747:61)
    at tsserver.js:125594:41
    at Object.runWithCancellationToken (tsserver.js:32458:28)
    at Object.getQuickInfoAtPosition (tsserver.js:125593:34)
    at IOSession.Session.getQuickInfoWorker (tsserver.js:134638:62)
    at Session.handlers.ts.createMapFromTemplate._a.(anonymous function) (tsserver.js:133675:61)
    at tsserver.js:135256:88
    at IOSession.Session.executeWithRequestId (tsserver.js:135247:28)
    at IOSession.Session.executeCommand (tsserver.js:135256:33)
    at IOSession.Session.onMessage (tsserver.js:135279:35)
    at Interface.<anonymous> (tsserver.js:136594:27)
    at Interface.emit (events.js:182:13)
    at Interface._onLine (readline.js:290:10)
    at Interface._normalWrite (readline.js:433:12)
    at Socket.ondata (readline.js:149:10)
    at Socket.emit (events.js:182:13)
    at addChunk (_stream_readable.js:283:12)
    at readableAddChunk (_stream_readable.js:264:11)
    at Socket.Readable.push (_stream_readable.js:219:10)
    at Pipe.onStreamRead [as onread] (internal/stream_base_commons.js:94:17): Error: <semantic> TypeScript Server Error (3.6.3)
Cannot read property 'kind' of undefined
TypeError: Cannot read property 'kind' of undefined
    at pipelineEmitWithHint (tsserver.js:87054:39)
    at print (tsserver.js:86954:13)
    at Object.writeNode (tsserver.js:86808:13)
    at tsserver.js:111749:50
    at Object.mapToDisplayParts (tsserver.js:100181:13)
    at Object.getSymbolDisplayPartsDocumentationAndSymbolKind (tsserver.js:111747:61)
    at tsserver.js:125594:41
    at Object.runWithCancellationToken (tsserver.js:32458:28)
    at Object.getQuickInfoAtPosition (tsserver.js:125593:34)
    at IOSession.Session.getQuickInfoWorker (tsserver.js:134638:62)
    at Session.handlers.ts.createMapFromTemplate._a.(anonymous function) (tsserver.js:133675:61)
    at tsserver.js:135256:88
    at IOSession.Session.executeWithRequestId (tsserver.js:135247:28)
    at IOSession.Session.executeCommand (tsserver.js:135256:33)
    at IOSession.Session.onMessage (tsserver.js:135279:35)
    at Interface.<anonymous> (tsserver.js:136594:27)
    at Interface.emit (events.js:182:13)
    at Interface._onLine (readline.js:290:10)
    at Interface._normalWrite (readline.js:433:12)
    at Socket.ondata (readline.js:149:10)
    at Socket.emit (events.js:182:13)
    at addChunk (_stream_readable.js:283:12)
    at readableAddChunk (_stream_readable.js:264:11)
    at Socket.Readable.push (_stream_readable.js:219:10)
    at Pipe.onStreamRead [as onread] (internal/stream_base_commons.js:94:17)
	at Function.create (/usr/share/code/resources/app/extensions/typescript-language-features/dist/extension.js:53:63415)
	at h.dispatchResponse (/usr/share/code/resources/app/extensions/typescript-language-features/dist/extension.js:53:56570)
	at h.dispatchMessage (/usr/share/code/resources/app/extensions/typescript-language-features/dist/extension.js:53:55468)
	at _reader.onData.e (/usr/share/code/resources/app/extensions/typescript-language-features/dist/extension.js:53:54944)
	at l.fire (/usr/share/code/resources/app/out/vs/workbench/services/extensions/node/extensionHostProcess.js:50:519)
	at t.Reader.onLengthData (/usr/share/code/resources/app/extensions/typescript-language-features/dist/extension.js:53:61635)
	at Socket.e.on.e (/usr/share/code/resources/app/extensions/typescript-language-features/dist/extension.js:53:61283)
	at Socket.emit (events.js:182:13)
	at addChunk (_stream_readable.js:283:12)
	at readableAddChunk (_stream_readable.js:264:11)
	at Socket.Readable.push (_stream_readable.js:219:10)
	at Pipe.onStreamRead [as onread] (internal/stream_base_commons.js:94:17)
[2019-10-16 22:46:09.039] [renderer1] [error] File not found (/modulo01/middlewares/index.js): Error: File not found (/modulo01/middlewares/index.js)
    at v.resolve (file:///usr/share/code/resources/app/out/vs/workbench/workbench.desktop.main.js:1535:605)
[2019-10-16 22:46:09.040] [renderer1] [error] File not found (/f753cad5-5cb8-4b99-a16f-79ec4e0bdeda): Error: File not found (/f753cad5-5cb8-4b99-a16f-79ec4e0bdeda)
    at v.resolve (file:///usr/share/code/resources/app/out/vs/workbench/workbench.desktop.main.js:1535:605)
[2019-10-16 22:46:09.041] [renderer1] [error] File not found (/modulo01/middlewares/index.js): Error: File not found (/modulo01/middlewares/index.js)
    at v.resolve (file:///usr/share/code/resources/app/out/vs/workbench/workbench.desktop.main.js:1535:605)
[2019-10-16 22:46:09.042] [renderer1] [error] File not found (/f753cad5-5cb8-4b99-a16f-79ec4e0bdeda): Error: File not found (/f753cad5-5cb8-4b99-a16f-79ec4e0bdeda)
    at v.resolve (file:///usr/share/code/resources/app/out/vs/workbench/workbench.desktop.main.js:1535:605)
[2019-10-16 22:46:09.054] [renderer1] [error] File not found (/modulo01/middlewares/index.js): Error: File not found (/modulo01/middlewares/index.js)
    at v.resolve (file:///usr/share/code/resources/app/out/vs/workbench/workbench.desktop.main.js:1535:605)
[2019-10-16 22:46:09.055] [renderer1] [error] File not found (/f753cad5-5cb8-4b99-a16f-79ec4e0bdeda): Error: File not found (/f753cad5-5cb8-4b99-a16f-79ec4e0bdeda)
    at v.resolve (file:///usr/share/code/resources/app/out/vs/workbench/workbench.desktop.main.js:1535:605)
[2019-10-16 22:46:09.055] [renderer1] [error] File not found (/modulo01/middlewares/index.js): Error: File not found (/modulo01/middlewares/index.js)
    at v.resolve (file:///usr/share/code/resources/app/out/vs/workbench/workbench.desktop.main.js:1535:605)
[2019-10-16 22:46:09.056] [renderer1] [error] File not found (/f753cad5-5cb8-4b99-a16f-79ec4e0bdeda): Error: File not found (/f753cad5-5cb8-4b99-a16f-79ec4e0bdeda)
    at v.resolve (file:///usr/share/code/resources/app/out/vs/workbench/workbench.desktop.main.js:1535:605)
[2019-10-16 22:46:53.339] [renderer1] [error] File not found (/modulo01/middlewares/index.js): Error: File not found (/modulo01/middlewares/index.js)
    at v.resolve (file:///usr/share/code/resources/app/out/vs/workbench/workbench.desktop.main.js:1535:605)
[2019-10-16 22:46:53.340] [renderer1] [error] File not found (/f753cad5-5cb8-4b99-a16f-79ec4e0bdeda): Error: File not found (/f753cad5-5cb8-4b99-a16f-79ec4e0bdeda)
    at v.resolve (file:///usr/share/code/resources/app/out/vs/workbench/workbench.desktop.main.js:1535:605)
[2019-10-16 22:46:53.340] [renderer1] [error] File not found (/modulo01/middlewares/index.js): Error: File not found (/modulo01/middlewares/index.js)
    at v.resolve (file:///usr/share/code/resources/app/out/vs/workbench/workbench.desktop.main.js:1535:605)
[2019-10-16 22:46:53.340] [renderer1] [error] File not found (/f753cad5-5cb8-4b99-a16f-79ec4e0bdeda): Error: File not found (/f753cad5-5cb8-4b99-a16f-79ec4e0bdeda)
    at v.resolve (file:///usr/share/code/resources/app/out/vs/workbench/workbench.desktop.main.js:1535:605)
[2019-10-16 22:47:01.683] [renderer1] [error] File not found (/modulo01/middlewares/index.js): Error: File not found (/modulo01/middlewares/index.js)
    at v.resolve (file:///usr/share/code/resources/app/out/vs/workbench/workbench.desktop.main.js:1535:605)
[2019-10-16 22:47:01.684] [renderer1] [error] File not found (/f753cad5-5cb8-4b99-a16f-79ec4e0bdeda): Error: File not found (/f753cad5-5cb8-4b99-a16f-79ec4e0bdeda)
    at v.resolve (file:///usr/share/code/resources/app/out/vs/workbench/workbench.desktop.main.js:1535:605)
[2019-10-16 22:47:01.684] [renderer1] [error] File not found (/users): Error: File not found (/users)
    at v.resolve (file:///usr/share/code/resources/app/out/vs/workbench/workbench.desktop.main.js:1535:605)
[2019-10-16 22:47:01.684] [renderer1] [error] File not found (/modulo01/middlewares/index.js): Error: File not found (/modulo01/middlewares/index.js)
    at v.resolve (file:///usr/share/code/resources/app/out/vs/workbench/workbench.desktop.main.js:1535:605)
[2019-10-16 22:47:01.684] [renderer1] [error] File not found (/f753cad5-5cb8-4b99-a16f-79ec4e0bdeda): Error: File not found (/f753cad5-5cb8-4b99-a16f-79ec4e0bdeda)
    at v.resolve (file:///usr/share/code/resources/app/out/vs/workbench/workbench.desktop.main.js:1535:605)
[2019-10-16 22:47:01.684] [renderer1] [error] File not found (/users): Error: File not found (/users)
    at v.resolve (file:///usr/share/code/resources/app/out/vs/workbench/workbench.desktop.main.js:1535:605)
[2019-10-16 22:47:58.217] [renderer1] [error] File not found (/modulo01/middlewares/index.js): Error: File not found (/modulo01/middlewares/index.js)
    at v.resolve (file:///usr/share/code/resources/app/out/vs/workbench/workbench.desktop.main.js:1535:605)
[2019-10-16 22:47:58.218] [renderer1] [error] File not found (/f753cad5-5cb8-4b99-a16f-79ec4e0bdeda): Error: File not found (/f753cad5-5cb8-4b99-a16f-79ec4e0bdeda)
    at v.resolve (file:///usr/share/code/resources/app/out/vs/workbench/workbench.desktop.main.js:1535:605)
[2019-10-16 22:47:58.218] [renderer1] [error] File not found (/users): Error: File not found (/users)
    at v.resolve (file:///usr/share/code/resources/app/out/vs/workbench/workbench.desktop.main.js:1535:605)
[2019-10-16 22:47:58.218] [renderer1] [error] File not found (/modulo01/middlewares/index.js): Error: File not found (/modulo01/middlewares/index.js)
    at v.resolve (file:///usr/share/code/resources/app/out/vs/workbench/workbench.desktop.main.js:1535:605)
[2019-10-16 22:47:58.218] [renderer1] [error] File not found (/f753cad5-5cb8-4b99-a16f-79ec4e0bdeda): Error: File not found (/f753cad5-5cb8-4b99-a16f-79ec4e0bdeda)
    at v.resolve (file:///usr/share/code/resources/app/out/vs/workbench/workbench.desktop.main.js:1535:605)
[2019-10-16 22:47:58.218] [renderer1] [error] File not found (/users): Error: File not found (/users)
    at v.resolve (file:///usr/share/code/resources/app/out/vs/workbench/workbench.desktop.main.js:1535:605)
[2019-10-16 23:01:29.392] [renderer1] [error] TreeError [MarkersPanel] Tree element not found: [object Object]: Error: TreeError [MarkersPanel] Tree element not found: [object Object]
    at t.ObjectTreeModel.getElementLocation (file:///usr/share/code/resources/app/out/vs/workbench/workbench.desktop.main.js:134:322)
    at t.ObjectTreeModel.isCollapsed (file:///usr/share/code/resources/app/out/vs/workbench/workbench.desktop.main.js:133:544)
    at W.isCollapsed (file:///usr/share/code/resources/app/out/vs/workbench/workbench.desktop.main.js:1028:72)
    at z.revealMarkersForCurrentActiveEditor (file:///usr/share/code/resources/app/out/vs/workbench/workbench.desktop.main.js:5826:628)
    at z.autoReveal (file:///usr/share/code/resources/app/out/vs/workbench/workbench.desktop.main.js:5826:485)
    at z.onActiveEditorChanged (file:///usr/share/code/resources/app/out/vs/workbench/workbench.desktop.main.js:5823:776)
    at _register.y.Event.any.e (file:///usr/share/code/resources/app/out/vs/workbench/workbench.desktop.main.js:5822:754)
    at e (file:///usr/share/code/resources/app/out/vs/workbench/workbench.desktop.main.js:112:963)
    at c.fire (file:///usr/share/code/resources/app/out/vs/workbench/workbench.desktop.main.js:116:519)
    at e.doEmitActiveEditorChangeEvent (file:///usr/share/code/resources/app/out/vs/workbench/workbench.desktop.main.js:4833:364)
    at e.handleActiveEditorChange (file:///usr/share/code/resources/app/out/vs/workbench/workbench.desktop.main.js:4833:160)
    at t.add.e.onDidGroupChange.t (file:///usr/share/code/resources/app/out/vs/workbench/workbench.desktop.main.js:4833:474)
    at c.fire (file:///usr/share/code/resources/app/out/vs/workbench/workbench.desktop.main.js:116:519)
    at t (file:///usr/share/code/resources/app/out/vs/workbench/workbench.desktop.main.js:5473:454)
[2019-10-16 23:01:39.776] [renderer1] [error] TreeError [MarkersPanel] Tree element not found: [object Object]: Error: TreeError [MarkersPanel] Tree element not found: [object Object]
    at t.ObjectTreeModel.getElementLocation (file:///usr/share/code/resources/app/out/vs/workbench/workbench.desktop.main.js:134:322)
    at t.ObjectTreeModel.isCollapsed (file:///usr/share/code/resources/app/out/vs/workbench/workbench.desktop.main.js:133:544)
    at W.isCollapsed (file:///usr/share/code/resources/app/out/vs/workbench/workbench.desktop.main.js:1028:72)
    at z.revealMarkersForCurrentActiveEditor (file:///usr/share/code/resources/app/out/vs/workbench/workbench.desktop.main.js:5826:628)
    at z.autoReveal (file:///usr/share/code/resources/app/out/vs/workbench/workbench.desktop.main.js:5826:485)
    at z.onActiveEditorChanged (file:///usr/share/code/resources/app/out/vs/workbench/workbench.desktop.main.js:5823:776)
    at _register.y.Event.any.e (file:///usr/share/code/resources/app/out/vs/workbench/workbench.desktop.main.js:5822:754)
    at e (file:///usr/share/code/resources/app/out/vs/workbench/workbench.desktop.main.js:112:963)
    at c.fire (file:///usr/share/code/resources/app/out/vs/workbench/workbench.desktop.main.js:116:519)
    at e.doEmitActiveEditorChangeEvent (file:///usr/share/code/resources/app/out/vs/workbench/workbench.desktop.main.js:4833:364)
    at e.handleActiveEditorChange (file:///usr/share/code/resources/app/out/vs/workbench/workbench.desktop.main.js:4833:160)
    at t.add.e.onDidGroupChange.t (file:///usr/share/code/resources/app/out/vs/workbench/workbench.desktop.main.js:4833:474)
    at c.fire (file:///usr/share/code/resources/app/out/vs/workbench/workbench.desktop.main.js:116:519)
    at t (file:///usr/share/code/resources/app/out/vs/workbench/workbench.desktop.main.js:5473:454)
