0 info it worked if it ends with ok
1 verbose cli [ '/usr/bin/node',
1 verbose cli   '/usr/bin/npm',
1 verbose cli   'install',
1 verbose cli   'babel/loader',
1 verbose cli   '--save-dev' ]
2 info using npm@6.9.0
3 info using node@v10.16.3
4 verbose npm-session 891b5ef19337498e
5 silly install loadCurrentTree
6 silly install readLocalPackageData
7 silly fetchPackageMetaData error for github:babel/loader Error while executing:
7 silly fetchPackageMetaData /usr/bin/git ls-remote -h -t ssh://git@github.com/babel/loader.git
7 silly fetchPackageMetaData
7 silly fetchPackageMetaData git@github.com: Permission denied (publickey).
7 silly fetchPackageMetaData fatal: Could not read from remote repository.
7 silly fetchPackageMetaData
7 silly fetchPackageMetaData Please make sure you have the correct access rights
7 silly fetchPackageMetaData and the repository exists.
7 silly fetchPackageMetaData
7 silly fetchPackageMetaData exited with error code: 128
8 timing stage:rollbackFailedOptional Completed in 2ms
9 timing stage:runTopLevelLifecycles Completed in 4882ms
10 verbose stack Error: exited with error code: 128
10 verbose stack     at ChildProcess.<anonymous> (/usr/lib/node_modules/npm/node_modules/pacote/lib/util/finished.js:12:19)
10 verbose stack     at ChildProcess.emit (events.js:198:13)
10 verbose stack     at maybeClose (internal/child_process.js:982:16)
10 verbose stack     at Socket.stream.socket.on (internal/child_process.js:389:11)
10 verbose stack     at Socket.emit (events.js:198:13)
10 verbose stack     at Pipe._handle.close (net.js:606:12)
11 verbose cwd /home/developer/code/Starter/Curso JavaScript ES6/2- Webpack Server/1- Configurando webpack
12 verbose Linux 4.18.0-2-amd64
13 verbose argv "/usr/bin/node" "/usr/bin/npm" "install" "babel/loader" "--save-dev"
14 verbose node v10.16.3
15 verbose npm  v6.9.0
16 error Error while executing:
16 error /usr/bin/git ls-remote -h -t ssh://git@github.com/babel/loader.git
16 error
16 error git@github.com: Permission denied (publickey).
16 error fatal: Could not read from remote repository.
16 error
16 error Please make sure you have the correct access rights
16 error and the repository exists.
16 error
16 error exited with error code: 128
17 verbose exit [ 1, true ]
