[2019-10-12 14:42:04.372] [exthost] [info] extension host started
[2019-10-12 14:42:04.388] [exthost] [info] ExtensionService#_doActivateExtension vscode.debug-auto-launch {"startup":true,"activationEvent":"*"}
[2019-10-12 14:42:04.388] [exthost] [info] ExtensionService#loadCommonJSModule file:///usr/share/code/resources/app/extensions/debug-auto-launch/dist/extension
[2019-10-12 14:42:04.393] [exthost] [info] ExtensionService#_doActivateExtension vscode.emmet {"startup":true,"activationEvent":"*"}
[2019-10-12 14:42:04.393] [exthost] [info] ExtensionService#loadCommonJSModule file:///usr/share/code/resources/app/extensions/emmet/dist/extension
[2019-10-12 14:42:04.465] [exthost] [info] ExtensionService#_doActivateExtension vscode.git {"startup":true,"activationEvent":"*"}
[2019-10-12 14:42:04.465] [exthost] [info] ExtensionService#loadCommonJSModule file:///usr/share/code/resources/app/extensions/git/dist/main
[2019-10-12 14:42:04.616] [exthost] [info] ExtensionService#_doActivateExtension vscode.merge-conflict {"startup":true,"activationEvent":"*"}
[2019-10-12 14:42:04.616] [exthost] [info] ExtensionService#loadCommonJSModule file:///usr/share/code/resources/app/extensions/merge-conflict/dist/extension
[2019-10-12 14:42:04.625] [exthost] [info] eager extensions activated
[2019-10-12 14:43:36.540] [exthost] [info] ExtensionService#_doActivateExtension vscode.configuration-editing {"startup":false,"activationEvent":"onLanguage:jsonc"}
[2019-10-12 14:43:36.540] [exthost] [info] ExtensionService#loadCommonJSModule file:///usr/share/code/resources/app/extensions/configuration-editing/dist/extension
[2019-10-12 14:43:36.554] [exthost] [info] ExtensionService#_doActivateExtension vscode.json-language-features {"startup":false,"activationEvent":"onLanguage:jsonc"}
[2019-10-12 14:43:36.555] [exthost] [info] ExtensionService#loadCommonJSModule file:///usr/share/code/resources/app/extensions/json-language-features/client/dist/jsonMain
[2019-10-12 14:43:36.698] [exthost] [info] ExtensionService#_doActivateExtension vscode.typescript-language-features {"startup":false,"activationEvent":"onLanguage:jsonc"}
[2019-10-12 14:43:36.698] [exthost] [info] ExtensionService#loadCommonJSModule file:///usr/share/code/resources/app/extensions/typescript-language-features/dist/extension
[2019-10-12 14:51:00.455] [exthost] [info] ExtensionService#_doActivateExtension PKief.material-icon-theme {"startup":false,"activationEvent":"*"}
[2019-10-12 14:51:00.456] [exthost] [info] ExtensionService#loadCommonJSModule file:///home/developer/.vscode/extensions/pkief.material-icon-theme-3.9.1/dist/extension
[2019-10-12 14:51:39.095] [exthost] [info] ExtensionService#_doActivateExtension vscode.extension-editing {"startup":false,"activationEvent":"onLanguage:typescript"}
[2019-10-12 14:51:39.095] [exthost] [info] ExtensionService#loadCommonJSModule file:///usr/share/code/resources/app/extensions/extension-editing/dist/extension
[2019-10-12 14:51:48.384] [exthost] [info] ExtensionService#_doActivateExtension naumovs.color-highlight {"startup":false,"activationEvent":"*"}
[2019-10-12 14:51:48.384] [exthost] [info] ExtensionService#loadCommonJSModule file:///home/developer/.vscode/extensions/naumovs.color-highlight-2.3.0/dist/extension
