[2019-10-13 14:59:24.875] [renderer1] [error] <semantic> TypeScript Server Error (3.6.3)
Cannot read property 'exportSymbol' of undefined
TypeError: Cannot read property 'exportSymbol' of undefined
    at getTypeOfSymbolAtLocation (tsserver.js:48394:29)
    at Object.getTypeOfSymbolAtLocation (tsserver.js:32221:35)
    at tsserver.js:103501:130
    at Object.flatMap (tsserver.js:583:25)
    at tryGetClassLikeCompletionSymbols (tsserver.js:103499:42)
    at tryGetGlobalSymbols (tsserver.js:103025:24)
    at getCompletionData (tsserver.js:102883:22)
    at Object.getCompletionsAtPosition (tsserver.js:102269:34)
    at Object.getCompletionsAtPosition (tsserver.js:125559:35)
    at IOSession.Session.getCompletions (tsserver.js:134741:64)
    at Session.handlers.ts.createMapFromTemplate._a.(anonymous function) (tsserver.js:133723:61)
    at tsserver.js:135256:88
    at IOSession.Session.executeWithRequestId (tsserver.js:135247:28)
    at IOSession.Session.executeCommand (tsserver.js:135256:33)
    at IOSession.Session.onMessage (tsserver.js:135279:35)
    at Interface.<anonymous> (tsserver.js:136594:27)
    at Interface.emit (events.js:182:13)
    at Interface._onLine (readline.js:290:10)
    at Interface._normalWrite (readline.js:433:12)
    at Socket.ondata (readline.js:149:10)
    at Socket.emit (events.js:182:13)
    at addChunk (_stream_readable.js:283:12)
    at readableAddChunk (_stream_readable.js:264:11)
    at Socket.Readable.push (_stream_readable.js:219:10)
    at Pipe.onStreamRead [as onread] (internal/stream_base_commons.js:94:17): Error: <semantic> TypeScript Server Error (3.6.3)
Cannot read property 'exportSymbol' of undefined
TypeError: Cannot read property 'exportSymbol' of undefined
    at getTypeOfSymbolAtLocation (tsserver.js:48394:29)
    at Object.getTypeOfSymbolAtLocation (tsserver.js:32221:35)
    at tsserver.js:103501:130
    at Object.flatMap (tsserver.js:583:25)
    at tryGetClassLikeCompletionSymbols (tsserver.js:103499:42)
    at tryGetGlobalSymbols (tsserver.js:103025:24)
    at getCompletionData (tsserver.js:102883:22)
    at Object.getCompletionsAtPosition (tsserver.js:102269:34)
    at Object.getCompletionsAtPosition (tsserver.js:125559:35)
    at IOSession.Session.getCompletions (tsserver.js:134741:64)
    at Session.handlers.ts.createMapFromTemplate._a.(anonymous function) (tsserver.js:133723:61)
    at tsserver.js:135256:88
    at IOSession.Session.executeWithRequestId (tsserver.js:135247:28)
    at IOSession.Session.executeCommand (tsserver.js:135256:33)
    at IOSession.Session.onMessage (tsserver.js:135279:35)
    at Interface.<anonymous> (tsserver.js:136594:27)
    at Interface.emit (events.js:182:13)
    at Interface._onLine (readline.js:290:10)
    at Interface._normalWrite (readline.js:433:12)
    at Socket.ondata (readline.js:149:10)
    at Socket.emit (events.js:182:13)
    at addChunk (_stream_readable.js:283:12)
    at readableAddChunk (_stream_readable.js:264:11)
    at Socket.Readable.push (_stream_readable.js:219:10)
    at Pipe.onStreamRead [as onread] (internal/stream_base_commons.js:94:17)
	at Function.create (/usr/share/code/resources/app/extensions/typescript-language-features/dist/extension.js:53:63415)
	at h.dispatchResponse (/usr/share/code/resources/app/extensions/typescript-language-features/dist/extension.js:53:56570)
	at h.dispatchMessage (/usr/share/code/resources/app/extensions/typescript-language-features/dist/extension.js:53:55468)
	at _reader.onData.e (/usr/share/code/resources/app/extensions/typescript-language-features/dist/extension.js:53:54944)
	at l.fire (/usr/share/code/resources/app/out/vs/workbench/services/extensions/node/extensionHostProcess.js:50:519)
	at t.Reader.onLengthData (/usr/share/code/resources/app/extensions/typescript-language-features/dist/extension.js:53:61635)
	at Socket.e.on.e (/usr/share/code/resources/app/extensions/typescript-language-features/dist/extension.js:53:61283)
	at Socket.emit (events.js:182:13)
	at addChunk (_stream_readable.js:283:12)
	at readableAddChunk (_stream_readable.js:264:11)
	at Socket.Readable.push (_stream_readable.js:219:10)
	at Pipe.onStreamRead [as onread] (internal/stream_base_commons.js:94:17)
[2019-10-13 15:01:10.901] [renderer1] [error] <semantic> TypeScript Server Error (3.6.3)
Debug Failure.
Error: Debug Failure.
    at Object.assertDefined (tsserver.js:2101:24)
    at getRangeToExtract (tsserver.js:122874:43)
    at Object.getAvailableActions (tsserver.js:122838:28)
    at tsserver.js:115901:128
    at getIterator (tsserver.js:637:23)
    at Object.next (tsserver.js:632:35)
    at Object.arrayFrom (tsserver.js:1276:40)
    at Object.getApplicableRefactors (tsserver.js:115900:23)
    at Object.getApplicableRefactors (tsserver.js:126101:32)
    at IOSession.Session.getApplicableRefactors (tsserver.js:135013:53)
    at Session.handlers.ts.createMapFromTemplate._a.(anonymous function) (tsserver.js:133868:61)
    at tsserver.js:135256:88
    at IOSession.Session.executeWithRequestId (tsserver.js:135247:28)
    at IOSession.Session.executeCommand (tsserver.js:135256:33)
    at IOSession.Session.onMessage (tsserver.js:135279:35)
    at Interface.<anonymous> (tsserver.js:136594:27)
    at Interface.emit (events.js:182:13)
    at Interface._onLine (readline.js:290:10)
    at Interface._normalWrite (readline.js:433:12)
    at Socket.ondata (readline.js:149:10)
    at Socket.emit (events.js:182:13)
    at addChunk (_stream_readable.js:283:12)
    at readableAddChunk (_stream_readable.js:264:11)
    at Socket.Readable.push (_stream_readable.js:219:10)
    at Pipe.onStreamRead [as onread] (internal/stream_base_commons.js:94:17): Error: <semantic> TypeScript Server Error (3.6.3)
Debug Failure.
Error: Debug Failure.
    at Object.assertDefined (tsserver.js:2101:24)
    at getRangeToExtract (tsserver.js:122874:43)
    at Object.getAvailableActions (tsserver.js:122838:28)
    at tsserver.js:115901:128
    at getIterator (tsserver.js:637:23)
    at Object.next (tsserver.js:632:35)
    at Object.arrayFrom (tsserver.js:1276:40)
    at Object.getApplicableRefactors (tsserver.js:115900:23)
    at Object.getApplicableRefactors (tsserver.js:126101:32)
    at IOSession.Session.getApplicableRefactors (tsserver.js:135013:53)
    at Session.handlers.ts.createMapFromTemplate._a.(anonymous function) (tsserver.js:133868:61)
    at tsserver.js:135256:88
    at IOSession.Session.executeWithRequestId (tsserver.js:135247:28)
    at IOSession.Session.executeCommand (tsserver.js:135256:33)
    at IOSession.Session.onMessage (tsserver.js:135279:35)
    at Interface.<anonymous> (tsserver.js:136594:27)
    at Interface.emit (events.js:182:13)
    at Interface._onLine (readline.js:290:10)
    at Interface._normalWrite (readline.js:433:12)
    at Socket.ondata (readline.js:149:10)
    at Socket.emit (events.js:182:13)
    at addChunk (_stream_readable.js:283:12)
    at readableAddChunk (_stream_readable.js:264:11)
    at Socket.Readable.push (_stream_readable.js:219:10)
    at Pipe.onStreamRead [as onread] (internal/stream_base_commons.js:94:17)
	at Function.create (/usr/share/code/resources/app/extensions/typescript-language-features/dist/extension.js:53:63415)
	at h.dispatchResponse (/usr/share/code/resources/app/extensions/typescript-language-features/dist/extension.js:53:56570)
	at h.dispatchMessage (/usr/share/code/resources/app/extensions/typescript-language-features/dist/extension.js:53:55468)
	at _reader.onData.e (/usr/share/code/resources/app/extensions/typescript-language-features/dist/extension.js:53:54944)
	at l.fire (/usr/share/code/resources/app/out/vs/workbench/services/extensions/node/extensionHostProcess.js:50:519)
	at t.Reader.onLengthData (/usr/share/code/resources/app/extensions/typescript-language-features/dist/extension.js:53:61635)
	at Socket.e.on.e (/usr/share/code/resources/app/extensions/typescript-language-features/dist/extension.js:53:61283)
	at Socket.emit (events.js:182:13)
	at addChunk (_stream_readable.js:283:12)
	at readableAddChunk (_stream_readable.js:264:11)
	at Socket.Readable.push (_stream_readable.js:219:10)
	at Pipe.onStreamRead [as onread] (internal/stream_base_commons.js:94:17)
[2019-10-13 19:27:35.860] [renderer1] [error] <semantic> TypeScript Server Error (3.6.3)
Cannot read property 'parent' of undefined
TypeError: Cannot read property 'parent' of undefined
    at Object.deleteDeclaration (tsserver.js:115676:56)
    at _loop_9 (tsserver.js:115268:47)
    at ChangeTracker.finishDeleteDeclarations (tsserver.js:115275:21)
    at ChangeTracker.getChanges (tsserver.js:115295:22)
    at Function.ChangeTracker.with (tsserver.js:114832:32)
    at Object.getCodeActions (tsserver.js:119826:68)
    at tsserver.js:115852:121
    at Object.flatMap (tsserver.js:583:25)
    at Object.getFixes (tsserver.js:115852:23)
    at tsserver.js:125866:35
    at Object.flatMap (tsserver.js:583:25)
    at Object.getCodeFixesAtPosition (tsserver.js:125864:23)
    at IOSession.Session.getCodeFixes (tsserver.js:135063:64)
    at Session.handlers.ts.createMapFromTemplate._a.(anonymous function) (tsserver.js:133850:61)
    at tsserver.js:135256:88
    at IOSession.Session.executeWithRequestId (tsserver.js:135247:28)
    at IOSession.Session.executeCommand (tsserver.js:135256:33)
    at IOSession.Session.onMessage (tsserver.js:135279:35)
    at Interface.<anonymous> (tsserver.js:136594:27)
    at Interface.emit (events.js:182:13)
    at Interface._onLine (readline.js:290:10)
    at Interface._normalWrite (readline.js:433:12)
    at Socket.ondata (readline.js:149:10)
    at Socket.emit (events.js:182:13)
    at addChunk (_stream_readable.js:283:12)
    at readableAddChunk (_stream_readable.js:264:11)
    at Socket.Readable.push (_stream_readable.js:219:10)
    at Pipe.onStreamRead [as onread] (internal/stream_base_commons.js:94:17): Error: <semantic> TypeScript Server Error (3.6.3)
Cannot read property 'parent' of undefined
TypeError: Cannot read property 'parent' of undefined
    at Object.deleteDeclaration (tsserver.js:115676:56)
    at _loop_9 (tsserver.js:115268:47)
    at ChangeTracker.finishDeleteDeclarations (tsserver.js:115275:21)
    at ChangeTracker.getChanges (tsserver.js:115295:22)
    at Function.ChangeTracker.with (tsserver.js:114832:32)
    at Object.getCodeActions (tsserver.js:119826:68)
    at tsserver.js:115852:121
    at Object.flatMap (tsserver.js:583:25)
    at Object.getFixes (tsserver.js:115852:23)
    at tsserver.js:125866:35
    at Object.flatMap (tsserver.js:583:25)
    at Object.getCodeFixesAtPosition (tsserver.js:125864:23)
    at IOSession.Session.getCodeFixes (tsserver.js:135063:64)
    at Session.handlers.ts.createMapFromTemplate._a.(anonymous function) (tsserver.js:133850:61)
    at tsserver.js:135256:88
    at IOSession.Session.executeWithRequestId (tsserver.js:135247:28)
    at IOSession.Session.executeCommand (tsserver.js:135256:33)
    at IOSession.Session.onMessage (tsserver.js:135279:35)
    at Interface.<anonymous> (tsserver.js:136594:27)
    at Interface.emit (events.js:182:13)
    at Interface._onLine (readline.js:290:10)
    at Interface._normalWrite (readline.js:433:12)
    at Socket.ondata (readline.js:149:10)
    at Socket.emit (events.js:182:13)
    at addChunk (_stream_readable.js:283:12)
    at readableAddChunk (_stream_readable.js:264:11)
    at Socket.Readable.push (_stream_readable.js:219:10)
    at Pipe.onStreamRead [as onread] (internal/stream_base_commons.js:94:17)
	at Function.create (/usr/share/code/resources/app/extensions/typescript-language-features/dist/extension.js:53:63415)
	at h.dispatchResponse (/usr/share/code/resources/app/extensions/typescript-language-features/dist/extension.js:53:56570)
	at h.dispatchMessage (/usr/share/code/resources/app/extensions/typescript-language-features/dist/extension.js:53:55468)
	at _reader.onData.e (/usr/share/code/resources/app/extensions/typescript-language-features/dist/extension.js:53:54944)
	at l.fire (/usr/share/code/resources/app/out/vs/workbench/services/extensions/node/extensionHostProcess.js:50:519)
	at t.Reader.onLengthData (/usr/share/code/resources/app/extensions/typescript-language-features/dist/extension.js:53:61635)
	at Socket.e.on.e (/usr/share/code/resources/app/extensions/typescript-language-features/dist/extension.js:53:61283)
	at Socket.emit (events.js:182:13)
	at addChunk (_stream_readable.js:283:12)
	at readableAddChunk (_stream_readable.js:264:11)
	at Socket.Readable.push (_stream_readable.js:219:10)
	at Pipe.onStreamRead [as onread] (internal/stream_base_commons.js:94:17)
[2019-10-13 20:05:22.735] [renderer1] [error] TreeError [FileExplorer] Data tree node not found: [object Object]: Error: TreeError [FileExplorer] Data tree node not found: [object Object]
    at Y.getDataNode (file:///usr/share/code/resources/app/out/vs/workbench/workbench.desktop.main.js:1045:675)
    at Y.rerender (file:///usr/share/code/resources/app/out/vs/workbench/workbench.desktop.main.js:1043:295)
    at i.forEach.e (file:///usr/share/code/resources/app/out/vs/workbench/workbench.desktop.main.js:5771:228)
    at Array.forEach (<anonymous>)
    at e.onCopyItems (file:///usr/share/code/resources/app/out/vs/workbench/workbench.desktop.main.js:5771:207)
    at _register.explorerService.onDidCopyItems.e (file:///usr/share/code/resources/app/out/vs/workbench/workbench.desktop.main.js:5763:683)
    at c.fire (file:///usr/share/code/resources/app/out/vs/workbench/workbench.desktop.main.js:116:519)
    at Proxy.setToCopy (file:///usr/share/code/resources/app/out/vs/workbench/workbench.desktop.main.js:4356:782)
    at t.copyFileHandler.e (file:///usr/share/code/resources/app/out/vs/workbench/workbench.desktop.main.js:5714:748)
    at h.invokeFunction (file:///usr/share/code/resources/app/out/vs/workbench/workbench.desktop.main.js:1504:876)
    at Proxy._tryExecuteCommand (file:///usr/share/code/resources/app/out/vs/workbench/workbench.desktop.main.js:3236:435)
    at r.then.i (file:///usr/share/code/resources/app/out/vs/workbench/workbench.desktop.main.js:3236:169)
[2019-10-13 20:17:27.809] [renderer1] [error] <semantic> TypeScript Server Error (3.6.3)
Cannot read property 'parent' of undefined
TypeError: Cannot read property 'parent' of undefined
    at Object.deleteDeclaration (tsserver.js:115676:56)
    at _loop_9 (tsserver.js:115268:47)
    at ChangeTracker.finishDeleteDeclarations (tsserver.js:115275:21)
    at ChangeTracker.getChanges (tsserver.js:115295:22)
    at Function.ChangeTracker.with (tsserver.js:114832:32)
    at Object.getCodeActions (tsserver.js:119826:68)
    at tsserver.js:115852:121
    at Object.flatMap (tsserver.js:583:25)
    at Object.getFixes (tsserver.js:115852:23)
    at tsserver.js:125866:35
    at Object.flatMap (tsserver.js:583:25)
    at Object.getCodeFixesAtPosition (tsserver.js:125864:23)
    at IOSession.Session.getCodeFixes (tsserver.js:135063:64)
    at Session.handlers.ts.createMapFromTemplate._a.(anonymous function) (tsserver.js:133850:61)
    at tsserver.js:135256:88
    at IOSession.Session.executeWithRequestId (tsserver.js:135247:28)
    at IOSession.Session.executeCommand (tsserver.js:135256:33)
    at IOSession.Session.onMessage (tsserver.js:135279:35)
    at Interface.<anonymous> (tsserver.js:136594:27)
    at Interface.emit (events.js:182:13)
    at Interface._onLine (readline.js:290:10)
    at Interface._normalWrite (readline.js:433:12)
    at Socket.ondata (readline.js:149:10)
    at Socket.emit (events.js:182:13)
    at addChunk (_stream_readable.js:283:12)
    at readableAddChunk (_stream_readable.js:264:11)
    at Socket.Readable.push (_stream_readable.js:219:10)
    at Pipe.onStreamRead [as onread] (internal/stream_base_commons.js:94:17): Error: <semantic> TypeScript Server Error (3.6.3)
Cannot read property 'parent' of undefined
TypeError: Cannot read property 'parent' of undefined
    at Object.deleteDeclaration (tsserver.js:115676:56)
    at _loop_9 (tsserver.js:115268:47)
    at ChangeTracker.finishDeleteDeclarations (tsserver.js:115275:21)
    at ChangeTracker.getChanges (tsserver.js:115295:22)
    at Function.ChangeTracker.with (tsserver.js:114832:32)
    at Object.getCodeActions (tsserver.js:119826:68)
    at tsserver.js:115852:121
    at Object.flatMap (tsserver.js:583:25)
    at Object.getFixes (tsserver.js:115852:23)
    at tsserver.js:125866:35
    at Object.flatMap (tsserver.js:583:25)
    at Object.getCodeFixesAtPosition (tsserver.js:125864:23)
    at IOSession.Session.getCodeFixes (tsserver.js:135063:64)
    at Session.handlers.ts.createMapFromTemplate._a.(anonymous function) (tsserver.js:133850:61)
    at tsserver.js:135256:88
    at IOSession.Session.executeWithRequestId (tsserver.js:135247:28)
    at IOSession.Session.executeCommand (tsserver.js:135256:33)
    at IOSession.Session.onMessage (tsserver.js:135279:35)
    at Interface.<anonymous> (tsserver.js:136594:27)
    at Interface.emit (events.js:182:13)
    at Interface._onLine (readline.js:290:10)
    at Interface._normalWrite (readline.js:433:12)
    at Socket.ondata (readline.js:149:10)
    at Socket.emit (events.js:182:13)
    at addChunk (_stream_readable.js:283:12)
    at readableAddChunk (_stream_readable.js:264:11)
    at Socket.Readable.push (_stream_readable.js:219:10)
    at Pipe.onStreamRead [as onread] (internal/stream_base_commons.js:94:17)
	at Function.create (/usr/share/code/resources/app/extensions/typescript-language-features/dist/extension.js:53:63415)
	at h.dispatchResponse (/usr/share/code/resources/app/extensions/typescript-language-features/dist/extension.js:53:56570)
	at h.dispatchMessage (/usr/share/code/resources/app/extensions/typescript-language-features/dist/extension.js:53:55468)
	at _reader.onData.e (/usr/share/code/resources/app/extensions/typescript-language-features/dist/extension.js:53:54944)
	at l.fire (/usr/share/code/resources/app/out/vs/workbench/services/extensions/node/extensionHostProcess.js:50:519)
	at t.Reader.onLengthData (/usr/share/code/resources/app/extensions/typescript-language-features/dist/extension.js:53:61635)
	at Socket.e.on.e (/usr/share/code/resources/app/extensions/typescript-language-features/dist/extension.js:53:61283)
	at Socket.emit (events.js:182:13)
	at addChunk (_stream_readable.js:283:12)
	at readableAddChunk (_stream_readable.js:264:11)
	at Socket.Readable.push (_stream_readable.js:219:10)
	at Pipe.onStreamRead [as onread] (internal/stream_base_commons.js:94:17)
[2019-10-13 20:17:29.684] [renderer1] [error] <semantic> TypeScript Server Error (3.6.3)
Cannot read property 'parent' of undefined
TypeError: Cannot read property 'parent' of undefined
    at Object.deleteDeclaration (tsserver.js:115676:56)
    at _loop_9 (tsserver.js:115268:47)
    at ChangeTracker.finishDeleteDeclarations (tsserver.js:115275:21)
    at ChangeTracker.getChanges (tsserver.js:115295:22)
    at Function.ChangeTracker.with (tsserver.js:114832:32)
    at Object.getCodeActions (tsserver.js:119826:68)
    at tsserver.js:115852:121
    at Object.flatMap (tsserver.js:583:25)
    at Object.getFixes (tsserver.js:115852:23)
    at tsserver.js:125866:35
    at Object.flatMap (tsserver.js:583:25)
    at Object.getCodeFixesAtPosition (tsserver.js:125864:23)
    at IOSession.Session.getCodeFixes (tsserver.js:135063:64)
    at Session.handlers.ts.createMapFromTemplate._a.(anonymous function) (tsserver.js:133850:61)
    at tsserver.js:135256:88
    at IOSession.Session.executeWithRequestId (tsserver.js:135247:28)
    at IOSession.Session.executeCommand (tsserver.js:135256:33)
    at IOSession.Session.onMessage (tsserver.js:135279:35)
    at Interface.<anonymous> (tsserver.js:136594:27)
    at Interface.emit (events.js:182:13)
    at Interface._onLine (readline.js:290:10)
    at Interface._normalWrite (readline.js:433:12)
    at Socket.ondata (readline.js:149:10)
    at Socket.emit (events.js:182:13)
    at addChunk (_stream_readable.js:283:12)
    at readableAddChunk (_stream_readable.js:264:11)
    at Socket.Readable.push (_stream_readable.js:219:10)
    at Pipe.onStreamRead [as onread] (internal/stream_base_commons.js:94:17): Error: <semantic> TypeScript Server Error (3.6.3)
Cannot read property 'parent' of undefined
TypeError: Cannot read property 'parent' of undefined
    at Object.deleteDeclaration (tsserver.js:115676:56)
    at _loop_9 (tsserver.js:115268:47)
    at ChangeTracker.finishDeleteDeclarations (tsserver.js:115275:21)
    at ChangeTracker.getChanges (tsserver.js:115295:22)
    at Function.ChangeTracker.with (tsserver.js:114832:32)
    at Object.getCodeActions (tsserver.js:119826:68)
    at tsserver.js:115852:121
    at Object.flatMap (tsserver.js:583:25)
    at Object.getFixes (tsserver.js:115852:23)
    at tsserver.js:125866:35
    at Object.flatMap (tsserver.js:583:25)
    at Object.getCodeFixesAtPosition (tsserver.js:125864:23)
    at IOSession.Session.getCodeFixes (tsserver.js:135063:64)
    at Session.handlers.ts.createMapFromTemplate._a.(anonymous function) (tsserver.js:133850:61)
    at tsserver.js:135256:88
    at IOSession.Session.executeWithRequestId (tsserver.js:135247:28)
    at IOSession.Session.executeCommand (tsserver.js:135256:33)
    at IOSession.Session.onMessage (tsserver.js:135279:35)
    at Interface.<anonymous> (tsserver.js:136594:27)
    at Interface.emit (events.js:182:13)
    at Interface._onLine (readline.js:290:10)
    at Interface._normalWrite (readline.js:433:12)
    at Socket.ondata (readline.js:149:10)
    at Socket.emit (events.js:182:13)
    at addChunk (_stream_readable.js:283:12)
    at readableAddChunk (_stream_readable.js:264:11)
    at Socket.Readable.push (_stream_readable.js:219:10)
    at Pipe.onStreamRead [as onread] (internal/stream_base_commons.js:94:17)
	at Function.create (/usr/share/code/resources/app/extensions/typescript-language-features/dist/extension.js:53:63415)
	at h.dispatchResponse (/usr/share/code/resources/app/extensions/typescript-language-features/dist/extension.js:53:56570)
	at h.dispatchMessage (/usr/share/code/resources/app/extensions/typescript-language-features/dist/extension.js:53:55468)
	at _reader.onData.e (/usr/share/code/resources/app/extensions/typescript-language-features/dist/extension.js:53:54944)
	at l.fire (/usr/share/code/resources/app/out/vs/workbench/services/extensions/node/extensionHostProcess.js:50:519)
	at t.Reader.onLengthData (/usr/share/code/resources/app/extensions/typescript-language-features/dist/extension.js:53:61635)
	at Socket.e.on.e (/usr/share/code/resources/app/extensions/typescript-language-features/dist/extension.js:53:61283)
	at Socket.emit (events.js:182:13)
	at addChunk (_stream_readable.js:283:12)
	at readableAddChunk (_stream_readable.js:264:11)
	at Socket.Readable.push (_stream_readable.js:219:10)
	at Pipe.onStreamRead [as onread] (internal/stream_base_commons.js:94:17)
[2019-10-13 20:17:30.786] [renderer1] [error] <semantic> TypeScript Server Error (3.6.3)
Cannot read property 'parent' of undefined
TypeError: Cannot read property 'parent' of undefined
    at Object.deleteDeclaration (tsserver.js:115676:56)
    at _loop_9 (tsserver.js:115268:47)
    at ChangeTracker.finishDeleteDeclarations (tsserver.js:115275:21)
    at ChangeTracker.getChanges (tsserver.js:115295:22)
    at Function.ChangeTracker.with (tsserver.js:114832:32)
    at Object.getCodeActions (tsserver.js:119826:68)
    at tsserver.js:115852:121
    at Object.flatMap (tsserver.js:583:25)
    at Object.getFixes (tsserver.js:115852:23)
    at tsserver.js:125866:35
    at Object.flatMap (tsserver.js:583:25)
    at Object.getCodeFixesAtPosition (tsserver.js:125864:23)
    at IOSession.Session.getCodeFixes (tsserver.js:135063:64)
    at Session.handlers.ts.createMapFromTemplate._a.(anonymous function) (tsserver.js:133850:61)
    at tsserver.js:135256:88
    at IOSession.Session.executeWithRequestId (tsserver.js:135247:28)
    at IOSession.Session.executeCommand (tsserver.js:135256:33)
    at IOSession.Session.onMessage (tsserver.js:135279:35)
    at Interface.<anonymous> (tsserver.js:136594:27)
    at Interface.emit (events.js:182:13)
    at Interface._onLine (readline.js:290:10)
    at Interface._normalWrite (readline.js:433:12)
    at Socket.ondata (readline.js:149:10)
    at Socket.emit (events.js:182:13)
    at addChunk (_stream_readable.js:283:12)
    at readableAddChunk (_stream_readable.js:264:11)
    at Socket.Readable.push (_stream_readable.js:219:10)
    at Pipe.onStreamRead [as onread] (internal/stream_base_commons.js:94:17): Error: <semantic> TypeScript Server Error (3.6.3)
Cannot read property 'parent' of undefined
TypeError: Cannot read property 'parent' of undefined
    at Object.deleteDeclaration (tsserver.js:115676:56)
    at _loop_9 (tsserver.js:115268:47)
    at ChangeTracker.finishDeleteDeclarations (tsserver.js:115275:21)
    at ChangeTracker.getChanges (tsserver.js:115295:22)
    at Function.ChangeTracker.with (tsserver.js:114832:32)
    at Object.getCodeActions (tsserver.js:119826:68)
    at tsserver.js:115852:121
    at Object.flatMap (tsserver.js:583:25)
    at Object.getFixes (tsserver.js:115852:23)
    at tsserver.js:125866:35
    at Object.flatMap (tsserver.js:583:25)
    at Object.getCodeFixesAtPosition (tsserver.js:125864:23)
    at IOSession.Session.getCodeFixes (tsserver.js:135063:64)
    at Session.handlers.ts.createMapFromTemplate._a.(anonymous function) (tsserver.js:133850:61)
    at tsserver.js:135256:88
    at IOSession.Session.executeWithRequestId (tsserver.js:135247:28)
    at IOSession.Session.executeCommand (tsserver.js:135256:33)
    at IOSession.Session.onMessage (tsserver.js:135279:35)
    at Interface.<anonymous> (tsserver.js:136594:27)
    at Interface.emit (events.js:182:13)
    at Interface._onLine (readline.js:290:10)
    at Interface._normalWrite (readline.js:433:12)
    at Socket.ondata (readline.js:149:10)
    at Socket.emit (events.js:182:13)
    at addChunk (_stream_readable.js:283:12)
    at readableAddChunk (_stream_readable.js:264:11)
    at Socket.Readable.push (_stream_readable.js:219:10)
    at Pipe.onStreamRead [as onread] (internal/stream_base_commons.js:94:17)
	at Function.create (/usr/share/code/resources/app/extensions/typescript-language-features/dist/extension.js:53:63415)
	at h.dispatchResponse (/usr/share/code/resources/app/extensions/typescript-language-features/dist/extension.js:53:56570)
	at h.dispatchMessage (/usr/share/code/resources/app/extensions/typescript-language-features/dist/extension.js:53:55468)
	at _reader.onData.e (/usr/share/code/resources/app/extensions/typescript-language-features/dist/extension.js:53:54944)
	at l.fire (/usr/share/code/resources/app/out/vs/workbench/services/extensions/node/extensionHostProcess.js:50:519)
	at t.Reader.onLengthData (/usr/share/code/resources/app/extensions/typescript-language-features/dist/extension.js:53:61635)
	at Socket.e.on.e (/usr/share/code/resources/app/extensions/typescript-language-features/dist/extension.js:53:61283)
	at Socket.emit (events.js:182:13)
	at addChunk (_stream_readable.js:283:12)
	at readableAddChunk (_stream_readable.js:264:11)
	at Socket.Readable.push (_stream_readable.js:219:10)
	at Pipe.onStreamRead [as onread] (internal/stream_base_commons.js:94:17)
[2019-10-13 20:34:14.843] [renderer1] [error] Illegal value for lineNumber: Error: Illegal value for lineNumber
    at N.getLineContent (file:///usr/share/code/resources/app/out/vs/workbench/workbench.desktop.main.js:1296:710)
    at e.update (file:///usr/share/code/resources/app/out/vs/workbench/workbench.desktop.main.js:2151:247)
    at h.update (file:///usr/share/code/resources/app/out/vs/workbench/workbench.desktop.main.js:2251:26)
    at process._tickCallback (internal/process/next_tick.js:68:7)
[2019-10-13 21:05:09.005] [renderer1] [error] Illegal value for lineNumber: Error: Illegal value for lineNumber
    at N.getLineContent (file:///usr/share/code/resources/app/out/vs/workbench/workbench.desktop.main.js:1296:710)
    at e.update (file:///usr/share/code/resources/app/out/vs/workbench/workbench.desktop.main.js:2151:247)
    at h.update (file:///usr/share/code/resources/app/out/vs/workbench/workbench.desktop.main.js:2251:26)
    at process._tickCallback (internal/process/next_tick.js:68:7)
[2019-10-13 21:17:59.413] [renderer1] [error] <semantic> TypeScript Server Error (3.6.3)
Cannot read property 'parent' of undefined
TypeError: Cannot read property 'parent' of undefined
    at Object.deleteDeclaration (tsserver.js:115676:56)
    at _loop_9 (tsserver.js:115268:47)
    at ChangeTracker.finishDeleteDeclarations (tsserver.js:115275:21)
    at ChangeTracker.getChanges (tsserver.js:115295:22)
    at Function.ChangeTracker.with (tsserver.js:114832:32)
    at Object.getCodeActions (tsserver.js:119826:68)
    at tsserver.js:115852:121
    at Object.flatMap (tsserver.js:583:25)
    at Object.getFixes (tsserver.js:115852:23)
    at tsserver.js:125866:35
    at Object.flatMap (tsserver.js:583:25)
    at Object.getCodeFixesAtPosition (tsserver.js:125864:23)
    at IOSession.Session.getCodeFixes (tsserver.js:135063:64)
    at Session.handlers.ts.createMapFromTemplate._a.(anonymous function) (tsserver.js:133850:61)
    at tsserver.js:135256:88
    at IOSession.Session.executeWithRequestId (tsserver.js:135247:28)
    at IOSession.Session.executeCommand (tsserver.js:135256:33)
    at IOSession.Session.onMessage (tsserver.js:135279:35)
    at Interface.<anonymous> (tsserver.js:136594:27)
    at Interface.emit (events.js:182:13)
    at Interface._onLine (readline.js:290:10)
    at Interface._normalWrite (readline.js:433:12)
    at Socket.ondata (readline.js:149:10)
    at Socket.emit (events.js:182:13)
    at addChunk (_stream_readable.js:283:12)
    at readableAddChunk (_stream_readable.js:264:11)
    at Socket.Readable.push (_stream_readable.js:219:10)
    at Pipe.onStreamRead [as onread] (internal/stream_base_commons.js:94:17): Error: <semantic> TypeScript Server Error (3.6.3)
Cannot read property 'parent' of undefined
TypeError: Cannot read property 'parent' of undefined
    at Object.deleteDeclaration (tsserver.js:115676:56)
    at _loop_9 (tsserver.js:115268:47)
    at ChangeTracker.finishDeleteDeclarations (tsserver.js:115275:21)
    at ChangeTracker.getChanges (tsserver.js:115295:22)
    at Function.ChangeTracker.with (tsserver.js:114832:32)
    at Object.getCodeActions (tsserver.js:119826:68)
    at tsserver.js:115852:121
    at Object.flatMap (tsserver.js:583:25)
    at Object.getFixes (tsserver.js:115852:23)
    at tsserver.js:125866:35
    at Object.flatMap (tsserver.js:583:25)
    at Object.getCodeFixesAtPosition (tsserver.js:125864:23)
    at IOSession.Session.getCodeFixes (tsserver.js:135063:64)
    at Session.handlers.ts.createMapFromTemplate._a.(anonymous function) (tsserver.js:133850:61)
    at tsserver.js:135256:88
    at IOSession.Session.executeWithRequestId (tsserver.js:135247:28)
    at IOSession.Session.executeCommand (tsserver.js:135256:33)
    at IOSession.Session.onMessage (tsserver.js:135279:35)
    at Interface.<anonymous> (tsserver.js:136594:27)
    at Interface.emit (events.js:182:13)
    at Interface._onLine (readline.js:290:10)
    at Interface._normalWrite (readline.js:433:12)
    at Socket.ondata (readline.js:149:10)
    at Socket.emit (events.js:182:13)
    at addChunk (_stream_readable.js:283:12)
    at readableAddChunk (_stream_readable.js:264:11)
    at Socket.Readable.push (_stream_readable.js:219:10)
    at Pipe.onStreamRead [as onread] (internal/stream_base_commons.js:94:17)
	at Function.create (/usr/share/code/resources/app/extensions/typescript-language-features/dist/extension.js:53:63415)
	at h.dispatchResponse (/usr/share/code/resources/app/extensions/typescript-language-features/dist/extension.js:53:56570)
	at h.dispatchMessage (/usr/share/code/resources/app/extensions/typescript-language-features/dist/extension.js:53:55468)
	at _reader.onData.e (/usr/share/code/resources/app/extensions/typescript-language-features/dist/extension.js:53:54944)
	at l.fire (/usr/share/code/resources/app/out/vs/workbench/services/extensions/node/extensionHostProcess.js:50:519)
	at t.Reader.onLengthData (/usr/share/code/resources/app/extensions/typescript-language-features/dist/extension.js:53:61635)
	at Socket.e.on.e (/usr/share/code/resources/app/extensions/typescript-language-features/dist/extension.js:53:61283)
	at Socket.emit (events.js:182:13)
	at addChunk (_stream_readable.js:283:12)
	at readableAddChunk (_stream_readable.js:264:11)
	at Socket.Readable.push (_stream_readable.js:219:10)
	at Pipe.onStreamRead [as onread] (internal/stream_base_commons.js:94:17)
[2019-10-13 22:23:33.706] [renderer1] [error] An unknown error occurred. Please consult the log for more details.
[2019-10-13 22:23:36.609] [renderer1] [error] An unknown error occurred. Please consult the log for more details.
[2019-10-13 22:23:39.928] [renderer1] [error] An unknown error occurred. Please consult the log for more details.
[2019-10-13 22:23:46.716] [renderer1] [error] An unknown error occurred. Please consult the log for more details.
[2019-10-13 22:24:05.502] [renderer1] [error] An unknown error occurred. Please consult the log for more details.
[2019-10-13 22:24:07.455] [renderer1] [error] An unknown error occurred. Please consult the log for more details.
[2019-10-13 22:24:09.237] [renderer1] [error] An unknown error occurred. Please consult the log for more details.
[2019-10-13 22:24:10.707] [renderer1] [error] An unknown error occurred. Please consult the log for more details.
[2019-10-13 22:24:15.342] [renderer1] [error] An unknown error occurred. Please consult the log for more details.
[2019-10-13 22:32:31.949] [renderer1] [error] An unknown error occurred. Please consult the log for more details.
[2019-10-13 22:32:40.631] [renderer1] [error] An unknown error occurred. Please consult the log for more details.
[2019-10-13 22:32:42.690] [renderer1] [error] An unknown error occurred. Please consult the log for more details.
[2019-10-13 22:32:44.410] [renderer1] [error] An unknown error occurred. Please consult the log for more details.
[2019-10-13 22:32:45.859] [renderer1] [error] An unknown error occurred. Please consult the log for more details.
[2019-10-13 22:32:47.010] [renderer1] [error] An unknown error occurred. Please consult the log for more details.
[2019-10-13 22:32:48.747] [renderer1] [error] An unknown error occurred. Please consult the log for more details.
[2019-10-13 23:20:34.513] [renderer1] [error] An unknown error occurred. Please consult the log for more details.
[2019-10-13 23:20:36.992] [renderer1] [error] An unknown error occurred. Please consult the log for more details.
[2019-10-13 23:20:38.072] [renderer1] [error] An unknown error occurred. Please consult the log for more details.
[2019-10-13 23:25:28.907] [renderer1] [error] An unknown error occurred. Please consult the log for more details.
[2019-10-13 23:25:30.660] [renderer1] [error] An unknown error occurred. Please consult the log for more details.
[2019-10-13 23:25:31.688] [renderer1] [error] An unknown error occurred. Please consult the log for more details.
[2019-10-13 23:25:37.888] [renderer1] [error] An unknown error occurred. Please consult the log for more details.
[2019-10-13 23:25:39.963] [renderer1] [error] An unknown error occurred. Please consult the log for more details.
